
> frontend@0.1.0 build
> next build

 ⚠ You are using a non-standard "NODE_ENV" value in your environment. This creates inconsistencies in the project and is strongly advised against. Read more: https://nextjs.org/docs/messages/non-standard-node-env
   ▲ Next.js 14.0.0
   - Environments: .env.local

   Creating an optimized production build ...
 ✓ Compiled successfully
   Linting and checking validity of types ...
 ⨯ ESLint must be installed in order to run during builds: pnpm install --save-dev eslint
   Collecting page data ...
   Generating static pages (0/19) ...
 ⨯ TypeError: Cannot read properties of null (reading 'useContext')
    at usePathname (c:\Projetos Cursor\advocaciapitanga\apps\frontend\.next\server\chunks\9679.js:11:26050)
    at ErrorBoundary (c:\Projetos Cursor\advocaciapitanga\apps\frontend\.next\server\chunks\9679.js:11:15599)
TypeError: Cannot read properties of null (reading 'useContext')
    at t.useContext (c:\Projetos Cursor\advocaciapitanga\node_modules\next\dist\compiled\next-server\app-page.runtime.prod.js:60:6302)
    at usePathname (c:\Projetos Cursor\advocaciapitanga\apps\frontend\.next\server\chunks\9679.js:11:26050)
    at ErrorBoundary (c:\Projetos Cursor\advocaciapitanga\apps\frontend\.next\server\chunks\9679.js:11:15599)
    at o7 (c:\Projetos Cursor\advocaciapitanga\node_modules\next\dist\compiled\next-server\app-page.runtime.dev.js:35:6505)
    at c:\Projetos Cursor\advocaciapitanga\node_modules\next\dist\compiled\next-server\app-page.runtime.dev.js:35:11284
    at ap (c:\Projetos Cursor\advocaciapitanga\node_modules\next\dist\compiled\next-server\app-page.runtime.dev.js:35:13038)
    at e (c:\Projetos Cursor\advocaciapitanga\node_modules\next\dist\compiled\next-server\app-page.runtime.dev.js:35:45795)
    at ah (c:\Projetos Cursor\advocaciapitanga\node_modules\next\dist\compiled\next-server\app-page.runtime.dev.js:35:47773)
    at ac (c:\Projetos Cursor\advocaciapitanga\node_modules\next\dist\compiled\next-server\app-page.runtime.dev.js:35:7923)
    at c:\Projetos Cursor\advocaciapitanga\node_modules\next\dist\compiled\next-server\app-page.runtime.dev.js:35:13014

Error occurred prerendering page "/_not-found". Read more: https://nextjs.org/docs/messages/prerender-error
TypeError: Cannot read properties of null (reading 'useContext')
    at t.useContext (c:\Projetos Cursor\advocaciapitanga\node_modules\next\dist\compiled\next-server\app-page.runtime.prod.js:60:6302)
    at usePathname (c:\Projetos Cursor\advocaciapitanga\apps\frontend\.next\server\chunks\9679.js:11:26050)
    at ErrorBoundary (c:\Projetos Cursor\advocaciapitanga\apps\frontend\.next\server\chunks\9679.js:11:15599)
    at o7 (c:\Projetos Cursor\advocaciapitanga\node_modules\next\dist\compiled\next-server\app-page.runtime.dev.js:35:6505)
    at c:\Projetos Cursor\advocaciapitanga\node_modules\next\dist\compiled\next-server\app-page.runtime.dev.js:35:11284
    at ap (c:\Projetos Cursor\advocaciapitanga\node_modules\next\dist\compiled\next-server\app-page.runtime.dev.js:35:13038)
    at e (c:\Projetos Cursor\advocaciapitanga\node_modules\next\dist\compiled\next-server\app-page.runtime.dev.js:35:45795)
    at ah (c:\Projetos Cursor\advocaciapitanga\node_modules\next\dist\compiled\next-server\app-page.runtime.dev.js:35:47773)
    at ac (c:\Projetos Cursor\advocaciapitanga\node_modules\next\dist\compiled\next-server\app-page.runtime.dev.js:35:7923)
    at c:\Projetos Cursor\advocaciapitanga\node_modules\next\dist\compiled\next-server\app-page.runtime.dev.js:35:13014
 ⨯ TypeError: Cannot read properties of null (reading 'useContext')
    at usePathname (c:\Projetos Cursor\advocaciapitanga\apps\frontend\.next\server\chunks\9679.js:11:26050)
    at ErrorBoundary (c:\Projetos Cursor\advocaciapitanga\apps\frontend\.next\server\chunks\9679.js:11:15599)
TypeError: Cannot read properties of null (reading 'useContext')
    at t.useContext (c:\Projetos Cursor\advocaciapitanga\node_modules\next\dist\compiled\next-server\app-page.runtime.prod.js:60:6302)
    at usePathname (c:\Projetos Cursor\advocaciapitanga\apps\frontend\.next\server\chunks\9679.js:11:26050)
    at ErrorBoundary (c:\Projetos Cursor\advocaciapitanga\apps\frontend\.next\server\chunks\9679.js:11:15599)
    at o7 (c:\Projetos Cursor\advocaciapitanga\node_modules\next\dist\compiled\next-server\app-page.runtime.dev.js:35:6505)
    at c:\Projetos Cursor\advocaciapitanga\node_modules\next\dist\compiled\next-server\app-page.runtime.dev.js:35:11284
    at ap (c:\Projetos Cursor\advocaciapitanga\node_modules\next\dist\compiled\next-server\app-page.runtime.dev.js:35:13038)
    at e (c:\Projetos Cursor\advocaciapitanga\node_modules\next\dist\compiled\next-server\app-page.runtime.dev.js:35:45795)
    at ah (c:\Projetos Cursor\advocaciapitanga\node_modules\next\dist\compiled\next-server\app-page.runtime.dev.js:35:47773)
    at ac (c:\Projetos Cursor\advocaciapitanga\node_modules\next\dist\compiled\next-server\app-page.runtime.dev.js:35:7923)
    at c:\Projetos Cursor\advocaciapitanga\node_modules\next\dist\compiled\next-server\app-page.runtime.dev.js:35:13014

Error occurred prerendering page "/advogado/configuracoes/ia". Read more: https://nextjs.org/docs/messages/prerender-error
TypeError: Cannot read properties of null (reading 'useContext')
    at t.useContext (c:\Projetos Cursor\advocaciapitanga\node_modules\next\dist\compiled\next-server\app-page.runtime.prod.js:60:6302)
    at usePathname (c:\Projetos Cursor\advocaciapitanga\apps\frontend\.next\server\chunks\9679.js:11:26050)
    at ErrorBoundary (c:\Projetos Cursor\advocaciapitanga\apps\frontend\.next\server\chunks\9679.js:11:15599)
    at o7 (c:\Projetos Cursor\advocaciapitanga\node_modules\next\dist\compiled\next-server\app-page.runtime.dev.js:35:6505)
    at c:\Projetos Cursor\advocaciapitanga\node_modules\next\dist\compiled\next-server\app-page.runtime.dev.js:35:11284
    at ap (c:\Projetos Cursor\advocaciapitanga\node_modules\next\dist\compiled\next-server\app-page.runtime.dev.js:35:13038)
    at e (c:\Projetos Cursor\advocaciapitanga\node_modules\next\dist\compiled\next-server\app-page.runtime.dev.js:35:45795)
    at ah (c:\Projetos Cursor\advocaciapitanga\node_modules\next\dist\compiled\next-server\app-page.runtime.dev.js:35:47773)
    at ac (c:\Projetos Cursor\advocaciapitanga\node_modules\next\dist\compiled\next-server\app-page.runtime.dev.js:35:7923)
    at c:\Projetos Cursor\advocaciapitanga\node_modules\next\dist\compiled\next-server\app-page.runtime.dev.js:35:13014
 ⨯ TypeError: Cannot read properties of null (reading 'useContext')
    at usePathname (c:\Projetos Cursor\advocaciapitanga\apps\frontend\.next\server\chunks\9679.js:11:26050)
    at ErrorBoundary (c:\Projetos Cursor\advocaciapitanga\apps\frontend\.next\server\chunks\9679.js:11:15599)
TypeError: Cannot read properties of null (reading 'useContext')
    at t.useContext (c:\Projetos Cursor\advocaciapitanga\node_modules\next\dist\compiled\next-server\app-page.runtime.prod.js:60:6302)
    at usePathname (c:\Projetos Cursor\advocaciapitanga\apps\frontend\.next\server\chunks\9679.js:11:26050)
    at ErrorBoundary (c:\Projetos Cursor\advocaciapitanga\apps\frontend\.next\server\chunks\9679.js:11:15599)
    at o7 (c:\Projetos Cursor\advocaciapitanga\node_modules\next\dist\compiled\next-server\app-page.runtime.dev.js:35:6505)
    at c:\Projetos Cursor\advocaciapitanga\node_modules\next\dist\compiled\next-server\app-page.runtime.dev.js:35:11284
    at ap (c:\Projetos Cursor\advocaciapitanga\node_modules\next\dist\compiled\next-server\app-page.runtime.dev.js:35:13038)
    at e (c:\Projetos Cursor\advocaciapitanga\node_modules\next\dist\compiled\next-server\app-page.runtime.dev.js:35:45795)
    at ah (c:\Projetos Cursor\advocaciapitanga\node_modules\next\dist\compiled\next-server\app-page.runtime.dev.js:35:47773)
    at ac (c:\Projetos Cursor\advocaciapitanga\node_modules\next\dist\compiled\next-server\app-page.runtime.dev.js:35:7923)
    at c:\Projetos Cursor\advocaciapitanga\node_modules\next\dist\compiled\next-server\app-page.runtime.dev.js:35:13014

Error occurred prerendering page "/advogado/ia-juridica/historico". Read more: https://nextjs.org/docs/messages/prerender-error
TypeError: Cannot read properties of null (reading 'useContext')
    at t.useContext (c:\Projetos Cursor\advocaciapitanga\node_modules\next\dist\compiled\next-server\app-page.runtime.prod.js:60:6302)
    at usePathname (c:\Projetos Cursor\advocaciapitanga\apps\frontend\.next\server\chunks\9679.js:11:26050)
    at ErrorBoundary (c:\Projetos Cursor\advocaciapitanga\apps\frontend\.next\server\chunks\9679.js:11:15599)
    at o7 (c:\Projetos Cursor\advocaciapitanga\node_modules\next\dist\compiled\next-server\app-page.runtime.dev.js:35:6505)
    at c:\Projetos Cursor\advocaciapitanga\node_modules\next\dist\compiled\next-server\app-page.runtime.dev.js:35:11284
    at ap (c:\Projetos Cursor\advocaciapitanga\node_modules\next\dist\compiled\next-server\app-page.runtime.dev.js:35:13038)
    at e (c:\Projetos Cursor\advocaciapitanga\node_modules\next\dist\compiled\next-server\app-page.runtime.dev.js:35:45795)
    at ah (c:\Projetos Cursor\advocaciapitanga\node_modules\next\dist\compiled\next-server\app-page.runtime.dev.js:35:47773)
    at ac (c:\Projetos Cursor\advocaciapitanga\node_modules\next\dist\compiled\next-server\app-page.runtime.dev.js:35:7923)
    at c:\Projetos Cursor\advocaciapitanga\node_modules\next\dist\compiled\next-server\app-page.runtime.dev.js:35:13014
 ⨯ TypeError: Cannot read properties of null (reading 'useContext')
    at usePathname (c:\Projetos Cursor\advocaciapitanga\apps\frontend\.next\server\chunks\9679.js:11:26050)
    at ErrorBoundary (c:\Projetos Cursor\advocaciapitanga\apps\frontend\.next\server\chunks\9679.js:11:15599)
TypeError: Cannot read properties of null (reading 'useContext')
    at t.useContext (c:\Projetos Cursor\advocaciapitanga\node_modules\next\dist\compiled\next-server\app-page.runtime.prod.js:60:6302)
    at usePathname (c:\Projetos Cursor\advocaciapitanga\apps\frontend\.next\server\chunks\9679.js:11:26050)
    at ErrorBoundary (c:\Projetos Cursor\advocaciapitanga\apps\frontend\.next\server\chunks\9679.js:11:15599)
    at o7 (c:\Projetos Cursor\advocaciapitanga\node_modules\next\dist\compiled\next-server\app-page.runtime.dev.js:35:6505)
    at c:\Projetos Cursor\advocaciapitanga\node_modules\next\dist\compiled\next-server\app-page.runtime.dev.js:35:11284
    at ap (c:\Projetos Cursor\advocaciapitanga\node_modules\next\dist\compiled\next-server\app-page.runtime.dev.js:35:13038)
    at e (c:\Projetos Cursor\advocaciapitanga\node_modules\next\dist\compiled\next-server\app-page.runtime.dev.js:35:45795)
    at ah (c:\Projetos Cursor\advocaciapitanga\node_modules\next\dist\compiled\next-server\app-page.runtime.dev.js:35:47773)
    at ac (c:\Projetos Cursor\advocaciapitanga\node_modules\next\dist\compiled\next-server\app-page.runtime.dev.js:35:7923)
    at c:\Projetos Cursor\advocaciapitanga\node_modules\next\dist\compiled\next-server\app-page.runtime.dev.js:35:13014

Error occurred prerendering page "/advogado/perfil". Read more: https://nextjs.org/docs/messages/prerender-error
TypeError: Cannot read properties of null (reading 'useContext')
    at t.useContext (c:\Projetos Cursor\advocaciapitanga\node_modules\next\dist\compiled\next-server\app-page.runtime.prod.js:60:6302)
    at usePathname (c:\Projetos Cursor\advocaciapitanga\apps\frontend\.next\server\chunks\9679.js:11:26050)
    at ErrorBoundary (c:\Projetos Cursor\advocaciapitanga\apps\frontend\.next\server\chunks\9679.js:11:15599)
    at o7 (c:\Projetos Cursor\advocaciapitanga\node_modules\next\dist\compiled\next-server\app-page.runtime.dev.js:35:6505)
    at c:\Projetos Cursor\advocaciapitanga\node_modules\next\dist\compiled\next-server\app-page.runtime.dev.js:35:11284
    at ap (c:\Projetos Cursor\advocaciapitanga\node_modules\next\dist\compiled\next-server\app-page.runtime.dev.js:35:13038)
    at e (c:\Projetos Cursor\advocaciapitanga\node_modules\next\dist\compiled\next-server\app-page.runtime.dev.js:35:45795)
    at ah (c:\Projetos Cursor\advocaciapitanga\node_modules\next\dist\compiled\next-server\app-page.runtime.dev.js:35:47773)
    at ac (c:\Projetos Cursor\advocaciapitanga\node_modules\next\dist\compiled\next-server\app-page.runtime.dev.js:35:7923)
    at c:\Projetos Cursor\advocaciapitanga\node_modules\next\dist\compiled\next-server\app-page.runtime.dev.js:35:13014
 ⨯ TypeError: Cannot read properties of null (reading 'useContext')
    at usePathname (c:\Projetos Cursor\advocaciapitanga\apps\frontend\.next\server\chunks\9679.js:11:26050)
    at ErrorBoundary (c:\Projetos Cursor\advocaciapitanga\apps\frontend\.next\server\chunks\9679.js:11:15599)
TypeError: Cannot read properties of null (reading 'useContext')
    at t.useContext (c:\Projetos Cursor\advocaciapitanga\node_modules\next\dist\compiled\next-server\app-page.runtime.prod.js:60:6302)
    at usePathname (c:\Projetos Cursor\advocaciapitanga\apps\frontend\.next\server\chunks\9679.js:11:26050)
    at ErrorBoundary (c:\Projetos Cursor\advocaciapitanga\apps\frontend\.next\server\chunks\9679.js:11:15599)
    at o7 (c:\Projetos Cursor\advocaciapitanga\node_modules\next\dist\compiled\next-server\app-page.runtime.dev.js:35:6505)
    at c:\Projetos Cursor\advocaciapitanga\node_modules\next\dist\compiled\next-server\app-page.runtime.dev.js:35:11284
    at ap (c:\Projetos Cursor\advocaciapitanga\node_modules\next\dist\compiled\next-server\app-page.runtime.dev.js:35:13038)
    at e (c:\Projetos Cursor\advocaciapitanga\node_modules\next\dist\compiled\next-server\app-page.runtime.dev.js:35:45795)
    at ah (c:\Projetos Cursor\advocaciapitanga\node_modules\next\dist\compiled\next-server\app-page.runtime.dev.js:35:47773)
    at ac (c:\Projetos Cursor\advocaciapitanga\node_modules\next\dist\compiled\next-server\app-page.runtime.dev.js:35:7923)
    at c:\Projetos Cursor\advocaciapitanga\node_modules\next\dist\compiled\next-server\app-page.runtime.dev.js:35:13014

Error occurred prerendering page "/advogado/dashboard". Read more: https://nextjs.org/docs/messages/prerender-error
TypeError: Cannot read properties of null (reading 'useContext')
    at t.useContext (c:\Projetos Cursor\advocaciapitanga\node_modules\next\dist\compiled\next-server\app-page.runtime.prod.js:60:6302)
    at usePathname (c:\Projetos Cursor\advocaciapitanga\apps\frontend\.next\server\chunks\9679.js:11:26050)
    at ErrorBoundary (c:\Projetos Cursor\advocaciapitanga\apps\frontend\.next\server\chunks\9679.js:11:15599)
    at o7 (c:\Projetos Cursor\advocaciapitanga\node_modules\next\dist\compiled\next-server\app-page.runtime.dev.js:35:6505)
    at c:\Projetos Cursor\advocaciapitanga\node_modules\next\dist\compiled\next-server\app-page.runtime.dev.js:35:11284
    at ap (c:\Projetos Cursor\advocaciapitanga\node_modules\next\dist\compiled\next-server\app-page.runtime.dev.js:35:13038)
    at e (c:\Projetos Cursor\advocaciapitanga\node_modules\next\dist\compiled\next-server\app-page.runtime.dev.js:35:45795)
    at ah (c:\Projetos Cursor\advocaciapitanga\node_modules\next\dist\compiled\next-server\app-page.runtime.dev.js:35:47773)
    at ac (c:\Projetos Cursor\advocaciapitanga\node_modules\next\dist\compiled\next-server\app-page.runtime.dev.js:35:7923)
    at c:\Projetos Cursor\advocaciapitanga\node_modules\next\dist\compiled\next-server\app-page.runtime.dev.js:35:13014
   Generating static pages (4/19) 
 ⨯ TypeError: Cannot read properties of null (reading 'useContext')
    at usePathname (c:\Projetos Cursor\advocaciapitanga\apps\frontend\.next\server\chunks\9679.js:11:26050)
    at ErrorBoundary (c:\Projetos Cursor\advocaciapitanga\apps\frontend\.next\server\chunks\9679.js:11:15599)
TypeError: Cannot read properties of null (reading 'useContext')
    at t.useContext (c:\Projetos Cursor\advocaciapitanga\node_modules\next\dist\compiled\next-server\app-page.runtime.prod.js:60:6302)
    at usePathname (c:\Projetos Cursor\advocaciapitanga\apps\frontend\.next\server\chunks\9679.js:11:26050)
    at ErrorBoundary (c:\Projetos Cursor\advocaciapitanga\apps\frontend\.next\server\chunks\9679.js:11:15599)
    at o7 (c:\Projetos Cursor\advocaciapitanga\node_modules\next\dist\compiled\next-server\app-page.runtime.dev.js:35:6505)
    at c:\Projetos Cursor\advocaciapitanga\node_modules\next\dist\compiled\next-server\app-page.runtime.dev.js:35:11284
    at ap (c:\Projetos Cursor\advocaciapitanga\node_modules\next\dist\compiled\next-server\app-page.runtime.dev.js:35:13038)
    at e (c:\Projetos Cursor\advocaciapitanga\node_modules\next\dist\compiled\next-server\app-page.runtime.dev.js:35:45795)
    at ah (c:\Projetos Cursor\advocaciapitanga\node_modules\next\dist\compiled\next-server\app-page.runtime.dev.js:35:47773)
    at ac (c:\Projetos Cursor\advocaciapitanga\node_modules\next\dist\compiled\next-server\app-page.runtime.dev.js:35:7923)
    at c:\Projetos Cursor\advocaciapitanga\node_modules\next\dist\compiled\next-server\app-page.runtime.dev.js:35:13014

Error occurred prerendering page "/advogado/clientes". Read more: https://nextjs.org/docs/messages/prerender-error
TypeError: Cannot read properties of null (reading 'useContext')
    at t.useContext (c:\Projetos Cursor\advocaciapitanga\node_modules\next\dist\compiled\next-server\app-page.runtime.prod.js:60:6302)
    at usePathname (c:\Projetos Cursor\advocaciapitanga\apps\frontend\.next\server\chunks\9679.js:11:26050)
    at ErrorBoundary (c:\Projetos Cursor\advocaciapitanga\apps\frontend\.next\server\chunks\9679.js:11:15599)
    at o7 (c:\Projetos Cursor\advocaciapitanga\node_modules\next\dist\compiled\next-server\app-page.runtime.dev.js:35:6505)
    at c:\Projetos Cursor\advocaciapitanga\node_modules\next\dist\compiled\next-server\app-page.runtime.dev.js:35:11284
    at ap (c:\Projetos Cursor\advocaciapitanga\node_modules\next\dist\compiled\next-server\app-page.runtime.dev.js:35:13038)
    at e (c:\Projetos Cursor\advocaciapitanga\node_modules\next\dist\compiled\next-server\app-page.runtime.dev.js:35:45795)
    at ah (c:\Projetos Cursor\advocaciapitanga\node_modules\next\dist\compiled\next-server\app-page.runtime.dev.js:35:47773)
    at ac (c:\Projetos Cursor\advocaciapitanga\node_modules\next\dist\compiled\next-server\app-page.runtime.dev.js:35:7923)
    at c:\Projetos Cursor\advocaciapitanga\node_modules\next\dist\compiled\next-server\app-page.runtime.dev.js:35:13014
 ⨯ TypeError: Cannot read properties of null (reading 'useContext')
    at usePathname (c:\Projetos Cursor\advocaciapitanga\apps\frontend\.next\server\chunks\9679.js:11:26050)
    at ErrorBoundary (c:\Projetos Cursor\advocaciapitanga\apps\frontend\.next\server\chunks\9679.js:11:15599)
TypeError: Cannot read properties of null (reading 'useContext')
    at t.useContext (c:\Projetos Cursor\advocaciapitanga\node_modules\next\dist\compiled\next-server\app-page.runtime.prod.js:60:6302)
    at usePathname (c:\Projetos Cursor\advocaciapitanga\apps\frontend\.next\server\chunks\9679.js:11:26050)
    at ErrorBoundary (c:\Projetos Cursor\advocaciapitanga\apps\frontend\.next\server\chunks\9679.js:11:15599)
    at o7 (c:\Projetos Cursor\advocaciapitanga\node_modules\next\dist\compiled\next-server\app-page.runtime.dev.js:35:6505)
    at c:\Projetos Cursor\advocaciapitanga\node_modules\next\dist\compiled\next-server\app-page.runtime.dev.js:35:11284
    at ap (c:\Projetos Cursor\advocaciapitanga\node_modules\next\dist\compiled\next-server\app-page.runtime.dev.js:35:13038)
    at e (c:\Projetos Cursor\advocaciapitanga\node_modules\next\dist\compiled\next-server\app-page.runtime.dev.js:35:45795)
    at ah (c:\Projetos Cursor\advocaciapitanga\node_modules\next\dist\compiled\next-server\app-page.runtime.dev.js:35:47773)
    at ac (c:\Projetos Cursor\advocaciapitanga\node_modules\next\dist\compiled\next-server\app-page.runtime.dev.js:35:7923)
    at c:\Projetos Cursor\advocaciapitanga\node_modules\next\dist\compiled\next-server\app-page.runtime.dev.js:35:13014

Error occurred prerendering page "/advogado/ia-juridica". Read more: https://nextjs.org/docs/messages/prerender-error
TypeError: Cannot read properties of null (reading 'useContext')
    at t.useContext (c:\Projetos Cursor\advocaciapitanga\node_modules\next\dist\compiled\next-server\app-page.runtime.prod.js:60:6302)
    at usePathname (c:\Projetos Cursor\advocaciapitanga\apps\frontend\.next\server\chunks\9679.js:11:26050)
    at ErrorBoundary (c:\Projetos Cursor\advocaciapitanga\apps\frontend\.next\server\chunks\9679.js:11:15599)
    at o7 (c:\Projetos Cursor\advocaciapitanga\node_modules\next\dist\compiled\next-server\app-page.runtime.dev.js:35:6505)
    at c:\Projetos Cursor\advocaciapitanga\node_modules\next\dist\compiled\next-server\app-page.runtime.dev.js:35:11284
    at ap (c:\Projetos Cursor\advocaciapitanga\node_modules\next\dist\compiled\next-server\app-page.runtime.dev.js:35:13038)
    at e (c:\Projetos Cursor\advocaciapitanga\node_modules\next\dist\compiled\next-server\app-page.runtime.dev.js:35:45795)
    at ah (c:\Projetos Cursor\advocaciapitanga\node_modules\next\dist\compiled\next-server\app-page.runtime.dev.js:35:47773)
    at ac (c:\Projetos Cursor\advocaciapitanga\node_modules\next\dist\compiled\next-server\app-page.runtime.dev.js:35:7923)
    at c:\Projetos Cursor\advocaciapitanga\node_modules\next\dist\compiled\next-server\app-page.runtime.dev.js:35:13014
Error: <Html> should not be imported outside of pages/_document.
Read more: https://nextjs.org/docs/messages/no-document-import-in-page
    at ei (c:\Projetos Cursor\advocaciapitanga\node_modules\next\dist\compiled\next-server\pages.runtime.prod.js:16:4358)
    at Html (c:\Projetos Cursor\advocaciapitanga\apps\frontend\.next\server\chunks\8722.js:6:1327)
    at renderWithHooks (c:\Projetos Cursor\advocaciapitanga\node_modules\react-dom\cjs\react-dom-server.browser.development.js:5658:16)
    at renderIndeterminateComponent (c:\Projetos Cursor\advocaciapitanga\node_modules\react-dom\cjs\react-dom-server.browser.development.js:5732:15)
    at renderElement (c:\Projetos Cursor\advocaciapitanga\node_modules\react-dom\cjs\react-dom-server.browser.development.js:5957:7)
    at renderNodeDestructiveImpl (c:\Projetos Cursor\advocaciapitanga\node_modules\react-dom\cjs\react-dom-server.browser.development.js:6115:11)
    at renderNodeDestructive (c:\Projetos Cursor\advocaciapitanga\node_modules\react-dom\cjs\react-dom-server.browser.development.js:6087:14)
    at finishClassComponent (c:\Projetos Cursor\advocaciapitanga\node_modules\react-dom\cjs\react-dom-server.browser.development.js:5688:3)
    at renderClassComponent (c:\Projetos Cursor\advocaciapitanga\node_modules\react-dom\cjs\react-dom-server.browser.development.js:5696:3)
    at renderElement (c:\Projetos Cursor\advocaciapitanga\node_modules\react-dom\cjs\react-dom-server.browser.development.js:5954:7)

Error occurred prerendering page "/500". Read more: https://nextjs.org/docs/messages/prerender-error
Error: <Html> should not be imported outside of pages/_document.
Read more: https://nextjs.org/docs/messages/no-document-import-in-page
    at ei (c:\Projetos Cursor\advocaciapitanga\node_modules\next\dist\compiled\next-server\pages.runtime.prod.js:16:4358)
    at Html (c:\Projetos Cursor\advocaciapitanga\apps\frontend\.next\server\chunks\8722.js:6:1327)
    at renderWithHooks (c:\Projetos Cursor\advocaciapitanga\node_modules\react-dom\cjs\react-dom-server.browser.development.js:5658:16)
    at renderIndeterminateComponent (c:\Projetos Cursor\advocaciapitanga\node_modules\react-dom\cjs\react-dom-server.browser.development.js:5732:15)
    at renderElement (c:\Projetos Cursor\advocaciapitanga\node_modules\react-dom\cjs\react-dom-server.browser.development.js:5957:7)
    at renderNodeDestructiveImpl (c:\Projetos Cursor\advocaciapitanga\node_modules\react-dom\cjs\react-dom-server.browser.development.js:6115:11)
    at renderNodeDestructive (c:\Projetos Cursor\advocaciapitanga\node_modules\react-dom\cjs\react-dom-server.browser.development.js:6087:14)
    at finishClassComponent (c:\Projetos Cursor\advocaciapitanga\node_modules\react-dom\cjs\react-dom-server.browser.development.js:5688:3)
    at renderClassComponent (c:\Projetos Cursor\advocaciapitanga\node_modules\react-dom\cjs\react-dom-server.browser.development.js:5696:3)
    at renderElement (c:\Projetos Cursor\advocaciapitanga\node_modules\react-dom\cjs\react-dom-server.browser.development.js:5954:7)
Error: <Html> should not be imported outside of pages/_document.
Read more: https://nextjs.org/docs/messages/no-document-import-in-page
    at ei (c:\Projetos Cursor\advocaciapitanga\node_modules\next\dist\compiled\next-server\pages.runtime.prod.js:16:4358)
    at Html (c:\Projetos Cursor\advocaciapitanga\apps\frontend\.next\server\chunks\8722.js:6:1327)
    at renderWithHooks (c:\Projetos Cursor\advocaciapitanga\node_modules\react-dom\cjs\react-dom-server.browser.development.js:5658:16)
    at renderIndeterminateComponent (c:\Projetos Cursor\advocaciapitanga\node_modules\react-dom\cjs\react-dom-server.browser.development.js:5732:15)
    at renderElement (c:\Projetos Cursor\advocaciapitanga\node_modules\react-dom\cjs\react-dom-server.browser.development.js:5957:7)
    at renderNodeDestructiveImpl (c:\Projetos Cursor\advocaciapitanga\node_modules\react-dom\cjs\react-dom-server.browser.development.js:6115:11)
    at renderNodeDestructive (c:\Projetos Cursor\advocaciapitanga\node_modules\react-dom\cjs\react-dom-server.browser.development.js:6087:14)
    at finishClassComponent (c:\Projetos Cursor\advocaciapitanga\node_modules\react-dom\cjs\react-dom-server.browser.development.js:5688:3)
    at renderClassComponent (c:\Projetos Cursor\advocaciapitanga\node_modules\react-dom\cjs\react-dom-server.browser.development.js:5696:3)
    at renderElement (c:\Projetos Cursor\advocaciapitanga\node_modules\react-dom\cjs\react-dom-server.browser.development.js:5954:7)

Error occurred prerendering page "/404". Read more: https://nextjs.org/docs/messages/prerender-error
Error: <Html> should not be imported outside of pages/_document.
Read more: https://nextjs.org/docs/messages/no-document-import-in-page
    at ei (c:\Projetos Cursor\advocaciapitanga\node_modules\next\dist\compiled\next-server\pages.runtime.prod.js:16:4358)
    at Html (c:\Projetos Cursor\advocaciapitanga\apps\frontend\.next\server\chunks\8722.js:6:1327)
    at renderWithHooks (c:\Projetos Cursor\advocaciapitanga\node_modules\react-dom\cjs\react-dom-server.browser.development.js:5658:16)
    at renderIndeterminateComponent (c:\Projetos Cursor\advocaciapitanga\node_modules\react-dom\cjs\react-dom-server.browser.development.js:5732:15)
    at renderElement (c:\Projetos Cursor\advocaciapitanga\node_modules\react-dom\cjs\react-dom-server.browser.development.js:5957:7)
    at renderNodeDestructiveImpl (c:\Projetos Cursor\advocaciapitanga\node_modules\react-dom\cjs\react-dom-server.browser.development.js:6115:11)
    at renderNodeDestructive (c:\Projetos Cursor\advocaciapitanga\node_modules\react-dom\cjs\react-dom-server.browser.development.js:6087:14)
    at finishClassComponent (c:\Projetos Cursor\advocaciapitanga\node_modules\react-dom\cjs\react-dom-server.browser.development.js:5688:3)
    at renderClassComponent (c:\Projetos Cursor\advocaciapitanga\node_modules\react-dom\cjs\react-dom-server.browser.development.js:5696:3)
    at renderElement (c:\Projetos Cursor\advocaciapitanga\node_modules\react-dom\cjs\react-dom-server.browser.development.js:5954:7)
   Generating static pages (9/19) 
